<?xml version="1.0" encoding="utf-8"?>
<coverage line-rate="0.09210000000000002" branch-rate="0.24230000000000002" version="1.9" timestamp="1768262081" lines-covered="243" lines-valid="2636" branches-covered="63" branches-valid="260">
  <sources>
    <source>C:\Users\bianc\Desktop\Synesthesia-Web-App\Synesthesia.Web\</source>
  </sources>
  <packages>
    <package name="Synesthesia.Web" line-rate="0.09210000000000002" branch-rate="0.24230000000000002" complexity="334">
      <classes>
        <class name="Program" filename="Program.cs" line-rate="0" branch-rate="0" complexity="4">
          <methods>
            <method name="&lt;Main&gt;$" signature="(System.String[])" line-rate="0" branch-rate="0" complexity="4">
              <lines>
                <line number="6" hits="0" branch="False" />
                <line number="9" hits="0" branch="True" condition-coverage="0% (0/2)">
                  <conditions>
                    <condition number="31" type="jump" coverage="0%" />
                  </conditions>
                </line>
                <line number="11" hits="0" branch="False" />
                <line number="12" hits="0" branch="False" />
                <line number="13" hits="0" branch="False" />
                <line number="16" hits="0" branch="False" />
                <line number="17" hits="0" branch="False" />
                <line number="18" hits="0" branch="False" />
                <line number="19" hits="0" branch="False" />
                <line number="20" hits="0" branch="False" />
                <line number="23" hits="0" branch="False" />
                <line number="25" hits="0" branch="False" />
                <line number="28" hits="0" branch="True" condition-coverage="0% (0/2)">
                  <conditions>
                    <condition number="168" type="jump" coverage="0%" />
                  </conditions>
                </line>
                <line number="29" hits="0" branch="False" />
                <line number="30" hits="0" branch="False" />
                <line number="31" hits="0" branch="False" />
                <line number="33" hits="0" branch="False" />
                <line number="34" hits="0" branch="False" />
                <line number="36" hits="0" branch="False" />
                <line number="37" hits="0" branch="False" />
                <line number="39" hits="0" branch="False" />
                <line number="40" hits="0" branch="False" />
                <line number="42" hits="0" branch="False" />
                <line number="44" hits="0" branch="False" />
                <line number="46" hits="0" branch="False" />
                <line number="48" hits="0" branch="False" />
                <line number="50" hits="0" branch="False" />
              </lines>
            </method>
          </methods>
          <lines>
            <line number="6" hits="0" branch="False" />
            <line number="9" hits="0" branch="True" condition-coverage="0% (0/2)">
              <conditions>
                <condition number="31" type="jump" coverage="0%" />
              </conditions>
            </line>
            <line number="11" hits="0" branch="False" />
            <line number="12" hits="0" branch="False" />
            <line number="13" hits="0" branch="False" />
            <line number="16" hits="0" branch="False" />
            <line number="17" hits="0" branch="False" />
            <line number="18" hits="0" branch="False" />
            <line number="19" hits="0" branch="False" />
            <line number="20" hits="0" branch="False" />
            <line number="23" hits="0" branch="False" />
            <line number="25" hits="0" branch="False" />
            <line number="28" hits="0" branch="True" condition-coverage="0% (0/2)">
              <conditions>
                <condition number="168" type="jump" coverage="0%" />
              </conditions>
            </line>
            <line number="29" hits="0" branch="False" />
            <line number="30" hits="0" branch="False" />
            <line number="31" hits="0" branch="False" />
            <line number="33" hits="0" branch="False" />
            <line number="34" hits="0" branch="False" />
            <line number="36" hits="0" branch="False" />
            <line number="37" hits="0" branch="False" />
            <line number="39" hits="0" branch="False" />
            <line number="40" hits="0" branch="False" />
            <line number="42" hits="0" branch="False" />
            <line number="44" hits="0" branch="False" />
            <line number="46" hits="0" branch="False" />
            <line number="48" hits="0" branch="False" />
            <line number="50" hits="0" branch="False" />
          </lines>
        </class>
        <class name="AspNetCoreGeneratedDocument.Areas_Identity_Pages_Account_Login/&lt;ExecuteAsync&gt;d__26" filename="Areas\Identity\Pages\Account\Login.cshtml" line-rate="0" branch-rate="0" complexity="2">
          <methods>
            <method name="MoveNext" signature="()" line-rate="0" branch-rate="0" complexity="2">
              <lines>
                <line number="4" hits="0" branch="True" condition-coverage="0% (0/2)">
                  <conditions>
                    <condition number="464" type="jump" coverage="0%" />
                  </conditions>
                </line>
              </lines>
            </method>
          </methods>
          <lines>
            <line number="4" hits="0" branch="True" condition-coverage="0% (0/2)">
              <conditions>
                <condition number="464" type="jump" coverage="0%" />
              </conditions>
            </line>
          </lines>
        </class>
        <class name="AspNetCoreGeneratedDocument.Areas_Identity_Pages_Account_Logout/&lt;ExecuteAsync&gt;d__12" filename="Areas\Identity\Pages\Account\Logout.cshtml" line-rate="0" branch-rate="0" complexity="8">
          <methods>
            <method name="MoveNext" signature="()" line-rate="0" branch-rate="0" complexity="8">
              <lines>
                <line number="4" hits="0" branch="False" />
                <line number="10" hits="0" branch="True" condition-coverage="0% (0/4)">
                  <conditions>
                    <condition number="140" type="jump" coverage="0%" />
                    <condition number="153" type="jump" coverage="0%" />
                  </conditions>
                </line>
                <line number="11" hits="0" branch="True" condition-coverage="0% (0/4)">
                  <conditions>
                    <condition number="482" type="jump" coverage="0%" />
                    <condition number="881" type="jump" coverage="0%" />
                  </conditions>
                </line>
                <line number="15" hits="0" branch="False" />
                <line number="17" hits="0" branch="False" />
                <line number="19" hits="0" branch="False" />
              </lines>
            </method>
          </methods>
          <lines>
            <line number="4" hits="0" branch="False" />
            <line number="10" hits="0" branch="True" condition-coverage="0% (0/4)">
              <conditions>
                <condition number="140" type="jump" coverage="0%" />
                <condition number="153" type="jump" coverage="0%" />
              </conditions>
            </line>
            <line number="11" hits="0" branch="True" condition-coverage="0% (0/4)">
              <conditions>
                <condition number="482" type="jump" coverage="0%" />
                <condition number="881" type="jump" coverage="0%" />
              </conditions>
            </line>
            <line number="15" hits="0" branch="False" />
            <line number="17" hits="0" branch="False" />
            <line number="19" hits="0" branch="False" />
          </lines>
        </class>
        <class name="AspNetCoreGeneratedDocument.Areas_Identity_Pages_Account_Manage_ChangePassword/&lt;&lt;ExecuteAsync&gt;b__24_0&gt;d" filename="Areas\Identity\Pages\Account\Manage\ChangePassword.cshtml" line-rate="0" branch-rate="0" complexity="24">
          <methods>
            <method name="MoveNext" signature="()" line-rate="0" branch-rate="0" complexity="24">
              <lines>
                <line number="78" hits="0" branch="True" condition-coverage="0% (0/4)">
                  <conditions>
                    <condition number="599" type="jump" coverage="0%" />
                    <condition number="812" type="jump" coverage="0%" />
                  </conditions>
                </line>
                <line number="79" hits="0" branch="False" />
                <line number="81" hits="0" branch="True" condition-coverage="0% (0/20)">
                  <conditions>
                    <condition number="1391" type="jump" coverage="0%" />
                    <condition number="1992" type="jump" coverage="0%" />
                    <condition number="2629" type="jump" coverage="0%" />
                    <condition number="3310" type="jump" coverage="0%" />
                    <condition number="3913" type="jump" coverage="0%" />
                    <condition number="4552" type="jump" coverage="0%" />
                    <condition number="5235" type="jump" coverage="0%" />
                    <condition number="5838" type="jump" coverage="0%" />
                    <condition number="6477" type="jump" coverage="0%" />
                    <condition number="6971" type="jump" coverage="0%" />
                  </conditions>
                </line>
              </lines>
            </method>
          </methods>
          <lines>
            <line number="78" hits="0" branch="True" condition-coverage="0% (0/4)">
              <conditions>
                <condition number="599" type="jump" coverage="0%" />
                <condition number="812" type="jump" coverage="0%" />
              </conditions>
            </line>
            <line number="79" hits="0" branch="False" />
            <line number="81" hits="0" branch="True" condition-coverage="0% (0/20)">
              <conditions>
                <condition number="1391" type="jump" coverage="0%" />
                <condition number="1992" type="jump" coverage="0%" />
                <condition number="2629" type="jump" coverage="0%" />
                <condition number="3310" type="jump" coverage="0%" />
                <condition number="3913" type="jump" coverage="0%" />
                <condition number="4552" type="jump" coverage="0%" />
                <condition number="5235" type="jump" coverage="0%" />
                <condition number="5838" type="jump" coverage="0%" />
                <condition number="6477" type="jump" coverage="0%" />
                <condition number="6971" type="jump" coverage="0%" />
              </conditions>
            </line>
          </lines>
        </class>
        <class name="AspNetCoreGeneratedDocument.Areas_Identity_Pages_Account_Manage_ChangePassword/&lt;ExecuteAsync&gt;d__24" filename="Areas\Identity\Pages\Account\Manage\ChangePassword.cshtml" line-rate="0" branch-rate="0" complexity="2">
          <methods>
            <method name="MoveNext" signature="()" line-rate="0" branch-rate="0" complexity="2">
              <lines>
                <line number="4" hits="0" branch="True" condition-coverage="0% (0/2)">
                  <conditions>
                    <condition number="464" type="jump" coverage="0%" />
                  </conditions>
                </line>
              </lines>
            </method>
          </methods>
          <lines>
            <line number="4" hits="0" branch="True" condition-coverage="0% (0/2)">
              <conditions>
                <condition number="464" type="jump" coverage="0%" />
              </conditions>
            </line>
          </lines>
        </class>
        <class name="AspNetCoreGeneratedDocument.Areas_Identity_Pages_Account_Manage_Index/&lt;&lt;ExecuteAsync&gt;b__34_0&gt;d" filename="Areas\Identity\Pages\Account\Manage\Index.cshtml" line-rate="0" branch-rate="0" complexity="34">
          <methods>
            <method name="MoveNext" signature="()" line-rate="0" branch-rate="0" complexity="34">
              <lines>
                <line number="159" hits="0" branch="True" condition-coverage="0% (0/4)">
                  <conditions>
                    <condition number="656" type="jump" coverage="0%" />
                    <condition number="869" type="jump" coverage="0%" />
                  </conditions>
                </line>
                <line number="160" hits="0" branch="False" />
                <line number="162" hits="0" branch="True" condition-coverage="0% (0/12)">
                  <conditions>
                    <condition number="1039" type="jump" coverage="0%" />
                    <condition number="1633" type="jump" coverage="0%" />
                    <condition number="2228" type="jump" coverage="0%" />
                    <condition number="2887" type="jump" coverage="0%" />
                    <condition number="3502" type="jump" coverage="0%" />
                    <condition number="4141" type="jump" coverage="0%" />
                  </conditions>
                </line>
                <line number="190" hits="0" branch="True" condition-coverage="0% (0/2)">
                  <conditions>
                    <condition number="4350" type="jump" coverage="0%" />
                  </conditions>
                </line>
                <line number="191" hits="0" branch="True" condition-coverage="0% (0/2)">
                  <conditions>
                    <condition number="4769" type="jump" coverage="0%" />
                  </conditions>
                </line>
                <line number="198" hits="0" branch="True" condition-coverage="0% (0/14)">
                  <conditions>
                    <condition number="5448" type="jump" coverage="0%" />
                    <condition number="6065" type="jump" coverage="0%" />
                    <condition number="6704" type="jump" coverage="0%" />
                    <condition number="7387" type="jump" coverage="0%" />
                    <condition number="8004" type="jump" coverage="0%" />
                    <condition number="8643" type="jump" coverage="0%" />
                    <condition number="9137" type="jump" coverage="0%" />
                  </conditions>
                </line>
              </lines>
            </method>
          </methods>
          <lines>
            <line number="159" hits="0" branch="True" condition-coverage="0% (0/4)">
              <conditions>
                <condition number="656" type="jump" coverage="0%" />
                <condition number="869" type="jump" coverage="0%" />
              </conditions>
            </line>
            <line number="160" hits="0" branch="False" />
            <line number="162" hits="0" branch="True" condition-coverage="0% (0/12)">
              <conditions>
                <condition number="1039" type="jump" coverage="0%" />
                <condition number="1633" type="jump" coverage="0%" />
                <condition number="2228" type="jump" coverage="0%" />
                <condition number="2887" type="jump" coverage="0%" />
                <condition number="3502" type="jump" coverage="0%" />
                <condition number="4141" type="jump" coverage="0%" />
              </conditions>
            </line>
            <line number="190" hits="0" branch="True" condition-coverage="0% (0/2)">
              <conditions>
                <condition number="4350" type="jump" coverage="0%" />
              </conditions>
            </line>
            <line number="191" hits="0" branch="True" condition-coverage="0% (0/2)">
              <conditions>
                <condition number="4769" type="jump" coverage="0%" />
              </conditions>
            </line>
            <line number="198" hits="0" branch="True" condition-coverage="0% (0/14)">
              <conditions>
                <condition number="5448" type="jump" coverage="0%" />
                <condition number="6065" type="jump" coverage="0%" />
                <condition number="6704" type="jump" coverage="0%" />
                <condition number="7387" type="jump" coverage="0%" />
                <condition number="8004" type="jump" coverage="0%" />
                <condition number="8643" type="jump" coverage="0%" />
                <condition number="9137" type="jump" coverage="0%" />
              </conditions>
            </line>
          </lines>
        </class>
        <class name="AspNetCoreGeneratedDocument.Areas_Identity_Pages_Account_Manage_Index/&lt;ExecuteAsync&gt;d__34" filename="Areas\Identity\Pages\Account\Manage\Index.cshtml" line-rate="0" branch-rate="0" complexity="2">
          <methods>
            <method name="MoveNext" signature="()" line-rate="0" branch-rate="0" complexity="2">
              <lines>
                <line number="4" hits="0" branch="True" condition-coverage="0% (0/2)">
                  <conditions>
                    <condition number="520" type="jump" coverage="0%" />
                  </conditions>
                </line>
              </lines>
            </method>
          </methods>
          <lines>
            <line number="4" hits="0" branch="True" condition-coverage="0% (0/2)">
              <conditions>
                <condition number="520" type="jump" coverage="0%" />
              </conditions>
            </line>
          </lines>
        </class>
        <class name="AspNetCoreGeneratedDocument.Areas_Identity_Pages_Account_Manage__ViewStart/&lt;ExecuteAsync&gt;d__0" filename="Areas\Identity\Pages\Account\Manage\_ViewStart.cshtml" line-rate="0" branch-rate="1" complexity="1">
          <methods>
            <method name="MoveNext" signature="()" line-rate="0" branch-rate="1" complexity="1">
              <lines>
                <line number="2" hits="0" branch="False" />
              </lines>
            </method>
          </methods>
          <lines>
            <line number="2" hits="0" branch="False" />
          </lines>
        </class>
        <class name="AspNetCoreGeneratedDocument.Areas_Identity_Pages_Account_Register/&lt;ExecuteAsync&gt;d__25" filename="Areas\Identity\Pages\Account\Register.cshtml" line-rate="0" branch-rate="0" complexity="4">
          <methods>
            <method name="MoveNext" signature="()" line-rate="0" branch-rate="0" complexity="4">
              <lines>
                <line number="4" hits="0" branch="True" condition-coverage="0% (0/4)">
                  <conditions>
                    <condition number="288" type="jump" coverage="0%" />
                    <condition number="671" type="jump" coverage="0%" />
                  </conditions>
                </line>
              </lines>
            </method>
          </methods>
          <lines>
            <line number="4" hits="0" branch="True" condition-coverage="0% (0/4)">
              <conditions>
                <condition number="288" type="jump" coverage="0%" />
                <condition number="671" type="jump" coverage="0%" />
              </conditions>
            </line>
          </lines>
        </class>
        <class name="AspNetCoreGeneratedDocument.Areas_Identity_Pages__ViewStart/&lt;ExecuteAsync&gt;d__0" filename="Areas\Identity\Pages\_ViewStart.cshtml" line-rate="0" branch-rate="1" complexity="1">
          <methods>
            <method name="MoveNext" signature="()" line-rate="0" branch-rate="1" complexity="1">
              <lines>
                <line number="2" hits="0" branch="False" />
              </lines>
            </method>
          </methods>
          <lines>
            <line number="2" hits="0" branch="False" />
          </lines>
        </class>
        <class name="Synesthesia.Web.Pages.ErrorModel" filename="Pages\Error.cshtml.cs" line-rate="1" branch-rate="0.75" complexity="7">
          <methods>
            <method name="get_RequestId" signature="()" line-rate="1" branch-rate="1" complexity="1">
              <lines>
                <line number="11" hits="3" branch="False" />
              </lines>
            </method>
            <method name="get_ShowRequestId" signature="()" line-rate="1" branch-rate="1" complexity="1">
              <lines>
                <line number="13" hits="1" branch="False" />
              </lines>
            </method>
            <method name="OnGet" signature="()" line-rate="1" branch-rate="0.75" complexity="4">
              <lines>
                <line number="23" hits="1" branch="False" />
                <line number="24" hits="1" branch="True" condition-coverage="75% (3/4)">
                  <conditions>
                    <condition number="8" type="jump" coverage="50%" />
                    <condition number="20" type="jump" coverage="100%" />
                  </conditions>
                </line>
                <line number="25" hits="1" branch="False" />
              </lines>
            </method>
            <method name=".ctor" signature="(Microsoft.Extensions.Logging.ILogger`1&lt;Synesthesia.Web.Pages.ErrorModel&gt;)" line-rate="1" branch-rate="1" complexity="1">
              <lines>
                <line number="17" hits="1" branch="False" />
                <line number="18" hits="1" branch="False" />
                <line number="19" hits="1" branch="False" />
                <line number="20" hits="1" branch="False" />
              </lines>
            </method>
          </methods>
          <lines>
            <line number="11" hits="3" branch="False" />
            <line number="13" hits="1" branch="False" />
            <line number="23" hits="1" branch="False" />
            <line number="24" hits="1" branch="True" condition-coverage="75% (3/4)">
              <conditions>
                <condition number="8" type="jump" coverage="50%" />
                <condition number="20" type="jump" coverage="100%" />
              </conditions>
            </line>
            <line number="25" hits="1" branch="False" />
            <line number="17" hits="1" branch="False" />
            <line number="18" hits="1" branch="False" />
            <line number="19" hits="1" branch="False" />
            <line number="20" hits="1" branch="False" />
          </lines>
        </class>
        <class name="Synesthesia.Web.Pages.IndexModel" filename="Pages\Index.cshtml.cs" line-rate="1" branch-rate="1" complexity="2">
          <methods>
            <method name="OnGet" signature="()" line-rate="1" branch-rate="1" complexity="1">
              <lines>
                <line number="16" hits="1" branch="False" />
                <line number="18" hits="1" branch="False" />
              </lines>
            </method>
            <method name=".ctor" signature="(Microsoft.Extensions.Logging.ILogger`1&lt;Synesthesia.Web.Pages.IndexModel&gt;)" line-rate="1" branch-rate="1" complexity="1">
              <lines>
                <line number="10" hits="1" branch="False" />
                <line number="11" hits="1" branch="False" />
                <line number="12" hits="1" branch="False" />
                <line number="13" hits="1" branch="False" />
              </lines>
            </method>
          </methods>
          <lines>
            <line number="16" hits="1" branch="False" />
            <line number="18" hits="1" branch="False" />
            <line number="10" hits="1" branch="False" />
            <line number="11" hits="1" branch="False" />
            <line number="12" hits="1" branch="False" />
            <line number="13" hits="1" branch="False" />
          </lines>
        </class>
        <class name="Synesthesia.Web.Pages.PrivacyModel" filename="Pages\Privacy.cshtml.cs" line-rate="1" branch-rate="1" complexity="2">
          <methods>
            <method name="OnGet" signature="()" line-rate="1" branch-rate="1" complexity="1">
              <lines>
                <line number="16" hits="1" branch="False" />
                <line number="17" hits="1" branch="False" />
              </lines>
            </method>
            <method name=".ctor" signature="(Microsoft.Extensions.Logging.ILogger`1&lt;Synesthesia.Web.Pages.PrivacyModel&gt;)" line-rate="1" branch-rate="1" complexity="1">
              <lines>
                <line number="10" hits="1" branch="False" />
                <line number="11" hits="1" branch="False" />
                <line number="12" hits="1" branch="False" />
                <line number="13" hits="1" branch="False" />
              </lines>
            </method>
          </methods>
          <lines>
            <line number="16" hits="1" branch="False" />
            <line number="17" hits="1" branch="False" />
            <line number="10" hits="1" branch="False" />
            <line number="11" hits="1" branch="False" />
            <line number="12" hits="1" branch="False" />
            <line number="13" hits="1" branch="False" />
          </lines>
        </class>
        <class name="Synesthesia.Web.Pages.ProfileModel" filename="Pages\Profile.cshtml.cs" line-rate="1" branch-rate="1" complexity="7">
          <methods>
            <method name="get_ProfilePicture" signature="()" line-rate="1" branch-rate="1" complexity="1">
              <lines>
                <line number="29" hits="2" branch="False" />
              </lines>
            </method>
            <method name="get_Username" signature="()" line-rate="1" branch-rate="1" complexity="1">
              <lines>
                <line number="30" hits="2" branch="False" />
              </lines>
            </method>
            <method name="get_Bio" signature="()" line-rate="1" branch-rate="1" complexity="1">
              <lines>
                <line number="31" hits="2" branch="False" />
              </lines>
            </method>
            <method name="get_AudioFiles" signature="()" line-rate="1" branch-rate="1" complexity="1">
              <lines>
                <line number="32" hits="11" branch="False" />
              </lines>
            </method>
            <method name="get_Projects" signature="()" line-rate="1" branch-rate="1" complexity="1">
              <lines>
                <line number="33" hits="9" branch="False" />
              </lines>
            </method>
            <method name="get_DebugInfo" signature="()" line-rate="1" branch-rate="1" complexity="1">
              <lines>
                <line number="35" hits="18" branch="False" />
              </lines>
            </method>
            <method name=".ctor" signature="(Microsoft.AspNetCore.Identity.UserManager`1&lt;Synesthesia.Web.Models.AppUser&gt;,Synesthesia.Web.Data.ApplicationDbContext,Microsoft.AspNetCore.Hosting.IWebHostEnvironment)" line-rate="1" branch-rate="1" complexity="1">
              <lines>
                <line number="22" hits="6" branch="False" />
                <line number="23" hits="6" branch="False" />
                <line number="24" hits="6" branch="False" />
                <line number="25" hits="6" branch="False" />
                <line number="26" hits="6" branch="False" />
                <line number="27" hits="6" branch="False" />
              </lines>
            </method>
          </methods>
          <lines>
            <line number="29" hits="2" branch="False" />
            <line number="30" hits="2" branch="False" />
            <line number="31" hits="2" branch="False" />
            <line number="32" hits="11" branch="False" />
            <line number="33" hits="9" branch="False" />
            <line number="35" hits="18" branch="False" />
            <line number="22" hits="6" branch="False" />
            <line number="23" hits="6" branch="False" />
            <line number="24" hits="6" branch="False" />
            <line number="25" hits="6" branch="False" />
            <line number="26" hits="6" branch="False" />
            <line number="27" hits="6" branch="False" />
          </lines>
        </class>
        <class name="Synesthesia.Web.Pages.ProfileModel/&lt;OnGetAsync&gt;d__28" filename="Pages\Profile.cshtml.cs" line-rate="0.8936" branch-rate="1" complexity="8">
          <methods>
            <method name="MoveNext" signature="()" line-rate="0.8936" branch-rate="1" complexity="8">
              <lines>
                <line number="38" hits="2" branch="False" />
                <line number="39" hits="2" branch="False" />
                <line number="41" hits="2" branch="False" />
                <line number="42" hits="2" branch="True" condition-coverage="100% (2/2)">
                  <conditions>
                    <condition number="234" type="jump" coverage="100%" />
                  </conditions>
                </line>
                <line number="43" hits="1" branch="False" />
                <line number="44" hits="1" branch="False" />
                <line number="45" hits="1" branch="False" />
                <line number="48" hits="1" branch="False" />
                <line number="49" hits="1" branch="False" />
                <line number="50" hits="1" branch="False" />
                <line number="52" hits="1" branch="False" />
                <line number="53" hits="1" branch="False" />
                <line number="56" hits="1" branch="False" />
                <line number="57" hits="1" branch="False" />
                <line number="60" hits="7" branch="True" condition-coverage="100% (2/2)">
                  <conditions>
                    <condition number="905" type="jump" coverage="100%" />
                  </conditions>
                </line>
                <line number="61" hits="2" branch="False" />
                <line number="62" hits="2" branch="True" condition-coverage="100% (2/2)">
                  <conditions>
                    <condition number="722" type="jump" coverage="100%" />
                  </conditions>
                </line>
                <line number="63" hits="2" branch="False" />
                <line number="64" hits="2" branch="False" />
                <line number="68" hits="1" branch="False" />
                <line number="69" hits="1" branch="False" />
                <line number="70" hits="1" branch="False" />
                <line number="71" hits="1" branch="False" />
                <line number="72" hits="1" branch="False" />
                <line number="74" hits="1" branch="False" />
                <line number="75" hits="1" branch="False" />
                <line number="76" hits="1" branch="False" />
                <line number="77" hits="1" branch="False" />
                <line number="78" hits="1" branch="False" />
                <line number="80" hits="1" branch="False" />
                <line number="83" hits="1" branch="False" />
                <line number="85" hits="1" branch="True" condition-coverage="100% (2/2)">
                  <conditions>
                    <condition number="1901" type="jump" coverage="100%" />
                  </conditions>
                </line>
                <line number="86" hits="1" branch="False" />
                <line number="87" hits="1" branch="False" />
                <line number="88" hits="1" branch="False" />
                <line number="89" hits="1" branch="False" />
                <line number="90" hits="1" branch="False" />
                <line number="91" hits="1" branch="False" />
                <line number="92" hits="1" branch="False" />
                <line number="93" hits="1" branch="False" />
                <line number="94" hits="1" branch="False" />
                <line number="95" hits="0" branch="False" />
                <line number="96" hits="0" branch="False" />
                <line number="97" hits="0" branch="False" />
                <line number="98" hits="0" branch="False" />
                <line number="99" hits="0" branch="False" />
                <line number="100" hits="2" branch="False" />
              </lines>
            </method>
          </methods>
          <lines>
            <line number="38" hits="2" branch="False" />
            <line number="39" hits="2" branch="False" />
            <line number="41" hits="2" branch="False" />
            <line number="42" hits="2" branch="True" condition-coverage="100% (2/2)">
              <conditions>
                <condition number="234" type="jump" coverage="100%" />
              </conditions>
            </line>
            <line number="43" hits="1" branch="False" />
            <line number="44" hits="1" branch="False" />
            <line number="45" hits="1" branch="False" />
            <line number="48" hits="1" branch="False" />
            <line number="49" hits="1" branch="False" />
            <line number="50" hits="1" branch="False" />
            <line number="52" hits="1" branch="False" />
            <line number="53" hits="1" branch="False" />
            <line number="56" hits="1" branch="False" />
            <line number="57" hits="1" branch="False" />
            <line number="60" hits="7" branch="True" condition-coverage="100% (2/2)">
              <conditions>
                <condition number="905" type="jump" coverage="100%" />
              </conditions>
            </line>
            <line number="61" hits="2" branch="False" />
            <line number="62" hits="2" branch="True" condition-coverage="100% (2/2)">
              <conditions>
                <condition number="722" type="jump" coverage="100%" />
              </conditions>
            </line>
            <line number="63" hits="2" branch="False" />
            <line number="64" hits="2" branch="False" />
            <line number="68" hits="1" branch="False" />
            <line number="69" hits="1" branch="False" />
            <line number="70" hits="1" branch="False" />
            <line number="71" hits="1" branch="False" />
            <line number="72" hits="1" branch="False" />
            <line number="74" hits="1" branch="False" />
            <line number="75" hits="1" branch="False" />
            <line number="76" hits="1" branch="False" />
            <line number="77" hits="1" branch="False" />
            <line number="78" hits="1" branch="False" />
            <line number="80" hits="1" branch="False" />
            <line number="83" hits="1" branch="False" />
            <line number="85" hits="1" branch="True" condition-coverage="100% (2/2)">
              <conditions>
                <condition number="1901" type="jump" coverage="100%" />
              </conditions>
            </line>
            <line number="86" hits="1" branch="False" />
            <line number="87" hits="1" branch="False" />
            <line number="88" hits="1" branch="False" />
            <line number="89" hits="1" branch="False" />
            <line number="90" hits="1" branch="False" />
            <line number="91" hits="1" branch="False" />
            <line number="92" hits="1" branch="False" />
            <line number="93" hits="1" branch="False" />
            <line number="94" hits="1" branch="False" />
            <line number="95" hits="0" branch="False" />
            <line number="96" hits="0" branch="False" />
            <line number="97" hits="0" branch="False" />
            <line number="98" hits="0" branch="False" />
            <line number="99" hits="0" branch="False" />
            <line number="100" hits="2" branch="False" />
          </lines>
        </class>
        <class name="Synesthesia.Web.Pages.ProfileModel/&lt;OnPostDeleteProjectAsync&gt;d__29" filename="Pages\Profile.cshtml.cs" line-rate="0.8946999999999999" branch-rate="0.8887999999999999" complexity="18">
          <methods>
            <method name="MoveNext" signature="()" line-rate="0.8946999999999999" branch-rate="0.8887999999999999" complexity="18">
              <lines>
                <line number="144" hits="4" branch="False" />
                <line number="145" hits="4" branch="True" condition-coverage="66.66% (4/6)">
                  <conditions>
                    <condition number="59" type="jump" coverage="50%" />
                    <condition number="79" type="jump" coverage="50%" />
                    <condition number="117" type="jump" coverage="100%" />
                  </conditions>
                </line>
                <line number="146" hits="1" branch="False" />
                <line number="148" hits="3" branch="False" />
                <line number="151" hits="3" branch="False" />
                <line number="153" hits="3" branch="False" />
                <line number="154" hits="3" branch="False" />
                <line number="155" hits="3" branch="False" />
                <line number="157" hits="3" branch="True" condition-coverage="100% (2/2)">
                  <conditions>
                    <condition number="690" type="jump" coverage="100%" />
                  </conditions>
                </line>
                <line number="158" hits="1" branch="False" />
                <line number="159" hits="1" branch="False" />
                <line number="160" hits="1" branch="False" />
                <line number="163" hits="2" branch="False" />
                <line number="164" hits="2" branch="False" />
                <line number="167" hits="2" branch="False" />
                <line number="170" hits="2" branch="False" />
                <line number="171" hits="2" branch="False" />
                <line number="173" hits="2" branch="True" condition-coverage="100% (4/4)">
                  <conditions>
                    <condition number="1168" type="jump" coverage="100%" />
                    <condition number="1186" type="jump" coverage="100%" />
                  </conditions>
                </line>
                <line number="174" hits="1" branch="False" />
                <line number="176" hits="1" branch="True" condition-coverage="100% (2/2)">
                  <conditions>
                    <condition number="1215" type="jump" coverage="100%" />
                  </conditions>
                </line>
                <line number="177" hits="1" branch="False" />
                <line number="178" hits="1" branch="False" />
                <line number="179" hits="1" branch="True" condition-coverage="100% (2/2)">
                  <conditions>
                    <condition number="1278" type="jump" coverage="100%" />
                  </conditions>
                </line>
                <line number="180" hits="1" branch="False" />
                <line number="181" hits="1" branch="False" />
                <line number="184" hits="1" branch="False" />
                <line number="185" hits="1" branch="False" />
                <line number="187" hits="2" branch="False" />
                <line number="189" hits="2" branch="True" condition-coverage="100% (2/2)">
                  <conditions>
                    <condition number="1471" type="jump" coverage="100%" />
                  </conditions>
                </line>
                <line number="190" hits="2" branch="False" />
                <line number="191" hits="2" branch="False" />
                <line number="192" hits="2" branch="False" />
                <line number="193" hits="0" branch="False" />
                <line number="194" hits="0" branch="False" />
                <line number="195" hits="0" branch="False" />
                <line number="196" hits="0" branch="False" />
                <line number="198" hits="2" branch="False" />
                <line number="199" hits="4" branch="False" />
              </lines>
            </method>
          </methods>
          <lines>
            <line number="144" hits="4" branch="False" />
            <line number="145" hits="4" branch="True" condition-coverage="66.66% (4/6)">
              <conditions>
                <condition number="59" type="jump" coverage="50%" />
                <condition number="79" type="jump" coverage="50%" />
                <condition number="117" type="jump" coverage="100%" />
              </conditions>
            </line>
            <line number="146" hits="1" branch="False" />
            <line number="148" hits="3" branch="False" />
            <line number="151" hits="3" branch="False" />
            <line number="153" hits="3" branch="False" />
            <line number="154" hits="3" branch="False" />
            <line number="155" hits="3" branch="False" />
            <line number="157" hits="3" branch="True" condition-coverage="100% (2/2)">
              <conditions>
                <condition number="690" type="jump" coverage="100%" />
              </conditions>
            </line>
            <line number="158" hits="1" branch="False" />
            <line number="159" hits="1" branch="False" />
            <line number="160" hits="1" branch="False" />
            <line number="163" hits="2" branch="False" />
            <line number="164" hits="2" branch="False" />
            <line number="167" hits="2" branch="False" />
            <line number="170" hits="2" branch="False" />
            <line number="171" hits="2" branch="False" />
            <line number="173" hits="2" branch="True" condition-coverage="100% (4/4)">
              <conditions>
                <condition number="1168" type="jump" coverage="100%" />
                <condition number="1186" type="jump" coverage="100%" />
              </conditions>
            </line>
            <line number="174" hits="1" branch="False" />
            <line number="176" hits="1" branch="True" condition-coverage="100% (2/2)">
              <conditions>
                <condition number="1215" type="jump" coverage="100%" />
              </conditions>
            </line>
            <line number="177" hits="1" branch="False" />
            <line number="178" hits="1" branch="False" />
            <line number="179" hits="1" branch="True" condition-coverage="100% (2/2)">
              <conditions>
                <condition number="1278" type="jump" coverage="100%" />
              </conditions>
            </line>
            <line number="180" hits="1" branch="False" />
            <line number="181" hits="1" branch="False" />
            <line number="184" hits="1" branch="False" />
            <line number="185" hits="1" branch="False" />
            <line number="187" hits="2" branch="False" />
            <line number="189" hits="2" branch="True" condition-coverage="100% (2/2)">
              <conditions>
                <condition number="1471" type="jump" coverage="100%" />
              </conditions>
            </line>
            <line number="190" hits="2" branch="False" />
            <line number="191" hits="2" branch="False" />
            <line number="192" hits="2" branch="False" />
            <line number="193" hits="0" branch="False" />
            <line number="194" hits="0" branch="False" />
            <line number="195" hits="0" branch="False" />
            <line number="196" hits="0" branch="False" />
            <line number="198" hits="2" branch="False" />
            <line number="199" hits="4" branch="False" />
          </lines>
        </class>
        <class name="Synesthesia.Web.Pages.StudioModel" filename="Pages\Studio.cshtml.cs" line-rate="0.7692" branch-rate="0" complexity="10">
          <methods>
            <method name="get_AudioPath" signature="()" line-rate="1" branch-rate="1" complexity="1">
              <lines>
                <line number="30" hits="4" branch="False" />
              </lines>
            </method>
            <method name="get_UploadedOriginalFileName" signature="()" line-rate="0" branch-rate="1" complexity="1">
              <lines>
                <line number="33" hits="0" branch="False" />
              </lines>
            </method>
            <method name="get_Message" signature="()" line-rate="0" branch-rate="1" complexity="1">
              <lines>
                <line number="36" hits="0" branch="False" />
              </lines>
            </method>
            <method name="get_CurrentAudioId" signature="()" line-rate="1" branch-rate="1" complexity="1">
              <lines>
                <line number="38" hits="2" branch="False" />
              </lines>
            </method>
            <method name="get_IsCurrentAudioSaved" signature="()" line-rate="1" branch-rate="1" complexity="1">
              <lines>
                <line number="39" hits="2" branch="False" />
              </lines>
            </method>
            <method name="get_OriginalFileName" signature="()" line-rate="0" branch-rate="0" complexity="2">
              <lines>
                <line number="40" hits="0" branch="True" condition-coverage="0% (0/2)">
                  <conditions>
                    <condition number="6" type="jump" coverage="0%" />
                  </conditions>
                </line>
              </lines>
            </method>
            <method name="get_ProjectSettingsJson" signature="()" line-rate="1" branch-rate="1" complexity="1">
              <lines>
                <line number="41" hits="2" branch="False" />
              </lines>
            </method>
            <method name="get_ProjectFractalType" signature="()" line-rate="1" branch-rate="1" complexity="1">
              <lines>
                <line number="42" hits="2" branch="False" />
              </lines>
            </method>
            <method name=".ctor" signature="(Microsoft.AspNetCore.Hosting.IWebHostEnvironment,Synesthesia.Web.Data.ApplicationDbContext)" line-rate="1" branch-rate="1" complexity="1">
              <lines>
                <line number="20" hits="10" branch="False" />
                <line number="21" hits="10" branch="False" />
                <line number="22" hits="10" branch="False" />
                <line number="23" hits="10" branch="False" />
                <line number="24" hits="10" branch="False" />
              </lines>
            </method>
          </methods>
          <lines>
            <line number="30" hits="4" branch="False" />
            <line number="33" hits="0" branch="False" />
            <line number="36" hits="0" branch="False" />
            <line number="38" hits="2" branch="False" />
            <line number="39" hits="2" branch="False" />
            <line number="40" hits="0" branch="True" condition-coverage="0% (0/2)">
              <conditions>
                <condition number="6" type="jump" coverage="0%" />
              </conditions>
            </line>
            <line number="41" hits="2" branch="False" />
            <line number="42" hits="2" branch="False" />
            <line number="20" hits="10" branch="False" />
            <line number="21" hits="10" branch="False" />
            <line number="22" hits="10" branch="False" />
            <line number="23" hits="10" branch="False" />
            <line number="24" hits="10" branch="False" />
          </lines>
        </class>
        <class name="Synesthesia.Web.Pages.StudioModel/&lt;OnGetAsync&gt;d__33" filename="Pages\Studio.cshtml.cs" line-rate="1" branch-rate="0.9" complexity="10">
          <methods>
            <method name="MoveNext" signature="()" line-rate="1" branch-rate="0.9" complexity="10">
              <lines>
                <line number="46" hits="2" branch="False" />
                <line number="47" hits="2" branch="True" condition-coverage="100% (2/2)">
                  <conditions>
                    <condition number="92" type="jump" coverage="100%" />
                  </conditions>
                </line>
                <line number="48" hits="1" branch="False" />
                <line number="49" hits="1" branch="False" />
                <line number="50" hits="1" branch="False" />
                <line number="51" hits="1" branch="False" />
                <line number="53" hits="1" branch="True" condition-coverage="100% (2/2)">
                  <conditions>
                    <condition number="458" type="jump" coverage="100%" />
                  </conditions>
                </line>
                <line number="54" hits="1" branch="False" />
                <line number="55" hits="1" branch="True" condition-coverage="50% (1/2)">
                  <conditions>
                    <condition number="479" type="jump" coverage="50%" />
                  </conditions>
                </line>
                <line number="56" hits="1" branch="False" />
                <line number="57" hits="1" branch="False" />
                <line number="58" hits="1" branch="False" />
                <line number="59" hits="1" branch="False" />
                <line number="62" hits="1" branch="True" condition-coverage="100% (2/2)">
                  <conditions>
                    <condition number="568" type="jump" coverage="100%" />
                  </conditions>
                </line>
                <line number="63" hits="1" branch="False" />
                <line number="64" hits="1" branch="False" />
                <line number="65" hits="1" branch="False" />
                <line number="67" hits="1" branch="True" condition-coverage="100% (2/2)">
                  <conditions>
                    <condition number="875" type="jump" coverage="100%" />
                  </conditions>
                </line>
                <line number="68" hits="1" branch="False" />
                <line number="69" hits="1" branch="False" />
                <line number="70" hits="1" branch="False" />
                <line number="71" hits="1" branch="False" />
                <line number="72" hits="1" branch="False" />
                <line number="73" hits="1" branch="False" />
                <line number="74" hits="2" branch="False" />
              </lines>
            </method>
          </methods>
          <lines>
            <line number="46" hits="2" branch="False" />
            <line number="47" hits="2" branch="True" condition-coverage="100% (2/2)">
              <conditions>
                <condition number="92" type="jump" coverage="100%" />
              </conditions>
            </line>
            <line number="48" hits="1" branch="False" />
            <line number="49" hits="1" branch="False" />
            <line number="50" hits="1" branch="False" />
            <line number="51" hits="1" branch="False" />
            <line number="53" hits="1" branch="True" condition-coverage="100% (2/2)">
              <conditions>
                <condition number="458" type="jump" coverage="100%" />
              </conditions>
            </line>
            <line number="54" hits="1" branch="False" />
            <line number="55" hits="1" branch="True" condition-coverage="50% (1/2)">
              <conditions>
                <condition number="479" type="jump" coverage="50%" />
              </conditions>
            </line>
            <line number="56" hits="1" branch="False" />
            <line number="57" hits="1" branch="False" />
            <line number="58" hits="1" branch="False" />
            <line number="59" hits="1" branch="False" />
            <line number="62" hits="1" branch="True" condition-coverage="100% (2/2)">
              <conditions>
                <condition number="568" type="jump" coverage="100%" />
              </conditions>
            </line>
            <line number="63" hits="1" branch="False" />
            <line number="64" hits="1" branch="False" />
            <line number="65" hits="1" branch="False" />
            <line number="67" hits="1" branch="True" condition-coverage="100% (2/2)">
              <conditions>
                <condition number="875" type="jump" coverage="100%" />
              </conditions>
            </line>
            <line number="68" hits="1" branch="False" />
            <line number="69" hits="1" branch="False" />
            <line number="70" hits="1" branch="False" />
            <line number="71" hits="1" branch="False" />
            <line number="72" hits="1" branch="False" />
            <line number="73" hits="1" branch="False" />
            <line number="74" hits="2" branch="False" />
          </lines>
        </class>
        <class name="Synesthesia.Web.Pages.StudioModel/&lt;OnPostSaveToProfileAsync&gt;d__35" filename="Pages\Studio.cshtml.cs" line-rate="0.9229999999999999" branch-rate="0.85" complexity="20">
          <methods>
            <method name="MoveNext" signature="()" line-rate="0.9229999999999999" branch-rate="0.85" complexity="20">
              <lines>
                <line number="120" hits="5" branch="False" />
                <line number="121" hits="5" branch="True" condition-coverage="66.66% (4/6)">
                  <conditions>
                    <condition number="59" type="jump" coverage="50%" />
                    <condition number="79" type="jump" coverage="50%" />
                    <condition number="117" type="jump" coverage="100%" />
                  </conditions>
                </line>
                <line number="122" hits="1" branch="False" />
                <line number="124" hits="4" branch="True" condition-coverage="100% (4/4)">
                  <conditions>
                    <condition number="157" type="jump" coverage="100%" />
                    <condition number="177" type="jump" coverage="100%" />
                  </conditions>
                </line>
                <line number="125" hits="1" branch="False" />
                <line number="127" hits="3" branch="True" condition-coverage="100% (4/4)">
                  <conditions>
                    <condition number="212" type="jump" coverage="100%" />
                    <condition number="232" type="jump" coverage="100%" />
                  </conditions>
                </line>
                <line number="128" hits="1" branch="False" />
                <line number="130" hits="2" branch="False" />
                <line number="133" hits="2" branch="False" />
                <line number="134" hits="2" branch="False" />
                <line number="136" hits="2" branch="True" condition-coverage="100% (2/2)">
                  <conditions>
                    <condition number="583" type="jump" coverage="100%" />
                  </conditions>
                </line>
                <line number="137" hits="1" branch="False" />
                <line number="138" hits="1" branch="False" />
                <line number="139" hits="1" branch="True" condition-coverage="50% (1/2)">
                  <conditions>
                    <condition number="618" type="jump" coverage="50%" />
                  </conditions>
                </line>
                <line number="141" hits="1" branch="False" />
                <line number="142" hits="1" branch="False" />
                <line number="143" hits="1" branch="False" />
                <line number="144" hits="1" branch="False" />
                <line number="145" hits="1" branch="False" />
                <line number="146" hits="1" branch="False" />
                <line number="147" hits="1" branch="False" />
                <line number="149" hits="1" branch="False" />
                <line number="150" hits="1" branch="False" />
                <line number="151" hits="1" branch="False" />
                <line number="153" hits="2" branch="True" condition-coverage="100% (2/2)">
                  <conditions>
                    <condition number="930" type="jump" coverage="100%" />
                  </conditions>
                </line>
                <line number="154" hits="2" branch="False" />
                <line number="155" hits="2" branch="False" />
                <line number="156" hits="2" branch="False" />
                <line number="157" hits="2" branch="False" />
                <line number="158" hits="2" branch="False" />
                <line number="159" hits="2" branch="False" />
                <line number="160" hits="2" branch="False" />
                <line number="162" hits="2" branch="False" />
                <line number="163" hits="2" branch="False" />
                <line number="165" hits="2" branch="False" />
                <line number="167" hits="0" branch="False" />
                <line number="168" hits="0" branch="False" />
                <line number="169" hits="0" branch="False" />
                <line number="171" hits="5" branch="False" />
              </lines>
            </method>
          </methods>
          <lines>
            <line number="120" hits="5" branch="False" />
            <line number="121" hits="5" branch="True" condition-coverage="66.66% (4/6)">
              <conditions>
                <condition number="59" type="jump" coverage="50%" />
                <condition number="79" type="jump" coverage="50%" />
                <condition number="117" type="jump" coverage="100%" />
              </conditions>
            </line>
            <line number="122" hits="1" branch="False" />
            <line number="124" hits="4" branch="True" condition-coverage="100% (4/4)">
              <conditions>
                <condition number="157" type="jump" coverage="100%" />
                <condition number="177" type="jump" coverage="100%" />
              </conditions>
            </line>
            <line number="125" hits="1" branch="False" />
            <line number="127" hits="3" branch="True" condition-coverage="100% (4/4)">
              <conditions>
                <condition number="212" type="jump" coverage="100%" />
                <condition number="232" type="jump" coverage="100%" />
              </conditions>
            </line>
            <line number="128" hits="1" branch="False" />
            <line number="130" hits="2" branch="False" />
            <line number="133" hits="2" branch="False" />
            <line number="134" hits="2" branch="False" />
            <line number="136" hits="2" branch="True" condition-coverage="100% (2/2)">
              <conditions>
                <condition number="583" type="jump" coverage="100%" />
              </conditions>
            </line>
            <line number="137" hits="1" branch="False" />
            <line number="138" hits="1" branch="False" />
            <line number="139" hits="1" branch="True" condition-coverage="50% (1/2)">
              <conditions>
                <condition number="618" type="jump" coverage="50%" />
              </conditions>
            </line>
            <line number="141" hits="1" branch="False" />
            <line number="142" hits="1" branch="False" />
            <line number="143" hits="1" branch="False" />
            <line number="144" hits="1" branch="False" />
            <line number="145" hits="1" branch="False" />
            <line number="146" hits="1" branch="False" />
            <line number="147" hits="1" branch="False" />
            <line number="149" hits="1" branch="False" />
            <line number="150" hits="1" branch="False" />
            <line number="151" hits="1" branch="False" />
            <line number="153" hits="2" branch="True" condition-coverage="100% (2/2)">
              <conditions>
                <condition number="930" type="jump" coverage="100%" />
              </conditions>
            </line>
            <line number="154" hits="2" branch="False" />
            <line number="155" hits="2" branch="False" />
            <line number="156" hits="2" branch="False" />
            <line number="157" hits="2" branch="False" />
            <line number="158" hits="2" branch="False" />
            <line number="159" hits="2" branch="False" />
            <line number="160" hits="2" branch="False" />
            <line number="162" hits="2" branch="False" />
            <line number="163" hits="2" branch="False" />
            <line number="165" hits="2" branch="False" />
            <line number="167" hits="0" branch="False" />
            <line number="168" hits="0" branch="False" />
            <line number="169" hits="0" branch="False" />
            <line number="171" hits="5" branch="False" />
          </lines>
        </class>
        <class name="Synesthesia.Web.Pages.StudioModel/&lt;OnPostUploadAsync&gt;d__34" filename="Pages\Studio.cshtml.cs" line-rate="0.88" branch-rate="1" complexity="10">
          <methods>
            <method name="MoveNext" signature="()" line-rate="0.88" branch-rate="1" complexity="10">
              <lines>
                <line number="77" hits="3" branch="False" />
                <line number="78" hits="3" branch="True" condition-coverage="100% (4/4)">
                  <conditions>
                    <condition number="24" type="jump" coverage="100%" />
                    <condition number="46" type="jump" coverage="100%" />
                  </conditions>
                </line>
                <line number="79" hits="1" branch="False" />
                <line number="80" hits="1" branch="False" />
                <line number="83" hits="2" branch="False" />
                <line number="84" hits="2" branch="True" condition-coverage="100% (4/4)">
                  <conditions>
                    <condition number="114" type="jump" coverage="100%" />
                    <condition number="137" type="jump" coverage="100%" />
                  </conditions>
                </line>
                <line number="85" hits="1" branch="False" />
                <line number="86" hits="1" branch="False" />
                <line number="89" hits="1" branch="False" />
                <line number="90" hits="1" branch="True" condition-coverage="100% (2/2)">
                  <conditions>
                    <condition number="217" type="jump" coverage="100%" />
                  </conditions>
                </line>
                <line number="91" hits="1" branch="False" />
                <line number="93" hits="1" branch="False" />
                <line number="94" hits="1" branch="False" />
                <line number="97" hits="1" branch="False" />
                <line number="98" hits="1" branch="False" />
                <line number="99" hits="1" branch="False" />
                <line number="100" hits="1" branch="False" />
                <line number="101" hits="1" branch="False" />
                <line number="102" hits="1" branch="False" />
                <line number="103" hits="0" branch="False" />
                <line number="104" hits="0" branch="False" />
                <line number="105" hits="0" branch="False" />
                <line number="108" hits="1" branch="False" />
                <line number="110" hits="1" branch="False" />
                <line number="111" hits="3" branch="False" />
              </lines>
            </method>
          </methods>
          <lines>
            <line number="77" hits="3" branch="False" />
            <line number="78" hits="3" branch="True" condition-coverage="100% (4/4)">
              <conditions>
                <condition number="24" type="jump" coverage="100%" />
                <condition number="46" type="jump" coverage="100%" />
              </conditions>
            </line>
            <line number="79" hits="1" branch="False" />
            <line number="80" hits="1" branch="False" />
            <line number="83" hits="2" branch="False" />
            <line number="84" hits="2" branch="True" condition-coverage="100% (4/4)">
              <conditions>
                <condition number="114" type="jump" coverage="100%" />
                <condition number="137" type="jump" coverage="100%" />
              </conditions>
            </line>
            <line number="85" hits="1" branch="False" />
            <line number="86" hits="1" branch="False" />
            <line number="89" hits="1" branch="False" />
            <line number="90" hits="1" branch="True" condition-coverage="100% (2/2)">
              <conditions>
                <condition number="217" type="jump" coverage="100%" />
              </conditions>
            </line>
            <line number="91" hits="1" branch="False" />
            <line number="93" hits="1" branch="False" />
            <line number="94" hits="1" branch="False" />
            <line number="97" hits="1" branch="False" />
            <line number="98" hits="1" branch="False" />
            <line number="99" hits="1" branch="False" />
            <line number="100" hits="1" branch="False" />
            <line number="101" hits="1" branch="False" />
            <line number="102" hits="1" branch="False" />
            <line number="103" hits="0" branch="False" />
            <line number="104" hits="0" branch="False" />
            <line number="105" hits="0" branch="False" />
            <line number="108" hits="1" branch="False" />
            <line number="110" hits="1" branch="False" />
            <line number="111" hits="3" branch="False" />
          </lines>
        </class>
        <class name="Synesthesia.Web.Pages.Pages_Error/&lt;ExecuteAsync&gt;d__0" filename="Pages\Error.cshtml" line-rate="0" branch-rate="0" complexity="2">
          <methods>
            <method name="MoveNext" signature="()" line-rate="0" branch-rate="0" complexity="2">
              <lines>
                <line number="4" hits="0" branch="False" />
                <line number="10" hits="0" branch="True" condition-coverage="0% (0/2)">
                  <conditions>
                    <condition number="70" type="jump" coverage="0%" />
                  </conditions>
                </line>
                <line number="11" hits="0" branch="False" />
                <line number="15" hits="0" branch="False" />
              </lines>
            </method>
          </methods>
          <lines>
            <line number="4" hits="0" branch="False" />
            <line number="10" hits="0" branch="True" condition-coverage="0% (0/2)">
              <conditions>
                <condition number="70" type="jump" coverage="0%" />
              </conditions>
            </line>
            <line number="11" hits="0" branch="False" />
            <line number="15" hits="0" branch="False" />
          </lines>
        </class>
        <class name="Synesthesia.Web.Pages.Pages_Index/&lt;ExecuteAsync&gt;d__12" filename="Pages\Index.cshtml" line-rate="0" branch-rate="0" complexity="4">
          <methods>
            <method name="MoveNext" signature="()" line-rate="0" branch-rate="0" complexity="4">
              <lines>
                <line number="4" hits="0" branch="True" condition-coverage="0% (0/4)">
                  <conditions>
                    <condition number="402" type="jump" coverage="0%" />
                    <condition number="933" type="jump" coverage="0%" />
                  </conditions>
                </line>
              </lines>
            </method>
          </methods>
          <lines>
            <line number="4" hits="0" branch="True" condition-coverage="0% (0/4)">
              <conditions>
                <condition number="402" type="jump" coverage="0%" />
                <condition number="933" type="jump" coverage="0%" />
              </conditions>
            </line>
          </lines>
        </class>
        <class name="Synesthesia.Web.Pages.Pages_Privacy/&lt;ExecuteAsync&gt;d__0" filename="Pages\Privacy.cshtml" line-rate="0" branch-rate="1" complexity="1">
          <methods>
            <method name="MoveNext" signature="()" line-rate="0" branch-rate="1" complexity="1">
              <lines>
                <line number="4" hits="0" branch="False" />
              </lines>
            </method>
          </methods>
          <lines>
            <line number="4" hits="0" branch="False" />
          </lines>
        </class>
        <class name="Synesthesia.Web.Pages.Pages_Profile/&lt;ExecuteAsync&gt;d__17" filename="Pages\Profile.cshtml" line-rate="0" branch-rate="0" complexity="24">
          <methods>
            <method name="MoveNext" signature="()" line-rate="0" branch-rate="0" complexity="24">
              <lines>
                <line number="4" hits="0" branch="True" condition-coverage="0% (0/6)">
                  <conditions>
                    <condition number="232" type="jump" coverage="0%" />
                    <condition number="360" type="jump" coverage="0%" />
                    <condition number="786" type="jump" coverage="0%" />
                  </conditions>
                </line>
                <line number="193" hits="0" branch="True" condition-coverage="0% (0/2)">
                  <conditions>
                    <condition number="1054" type="jump" coverage="0%" />
                  </conditions>
                </line>
                <line number="194" hits="0" branch="False" />
                <line number="195" hits="0" branch="True" condition-coverage="0% (0/2)">
                  <conditions>
                    <condition number="2771" type="jump" coverage="0%" />
                  </conditions>
                </line>
                <line number="196" hits="0" branch="True" condition-coverage="0% (0/14)">
                  <conditions>
                    <condition number="1276" type="jump" coverage="0%" />
                    <condition number="1288" type="jump" coverage="0%" />
                    <condition number="1351" type="jump" coverage="0%" />
                    <condition number="1377" type="jump" coverage="0%" />
                    <condition number="1612" type="jump" coverage="0%" />
                    <condition number="1949" type="jump" coverage="0%" />
                    <condition number="2567" type="jump" coverage="0%" />
                  </conditions>
                </line>
                <line number="220" hits="0" branch="False" />
                <line number="221" hits="0" branch="False" />
                <line number="223" hits="0" branch="False" />
                <line number="227" hits="0" branch="False" />
              </lines>
            </method>
          </methods>
          <lines>
            <line number="4" hits="0" branch="True" condition-coverage="0% (0/6)">
              <conditions>
                <condition number="232" type="jump" coverage="0%" />
                <condition number="360" type="jump" coverage="0%" />
                <condition number="786" type="jump" coverage="0%" />
              </conditions>
            </line>
            <line number="193" hits="0" branch="True" condition-coverage="0% (0/2)">
              <conditions>
                <condition number="1054" type="jump" coverage="0%" />
              </conditions>
            </line>
            <line number="194" hits="0" branch="False" />
            <line number="195" hits="0" branch="True" condition-coverage="0% (0/2)">
              <conditions>
                <condition number="2771" type="jump" coverage="0%" />
              </conditions>
            </line>
            <line number="196" hits="0" branch="True" condition-coverage="0% (0/14)">
              <conditions>
                <condition number="1276" type="jump" coverage="0%" />
                <condition number="1288" type="jump" coverage="0%" />
                <condition number="1351" type="jump" coverage="0%" />
                <condition number="1377" type="jump" coverage="0%" />
                <condition number="1612" type="jump" coverage="0%" />
                <condition number="1949" type="jump" coverage="0%" />
                <condition number="2567" type="jump" coverage="0%" />
              </conditions>
            </line>
            <line number="220" hits="0" branch="False" />
            <line number="221" hits="0" branch="False" />
            <line number="223" hits="0" branch="False" />
            <line number="227" hits="0" branch="False" />
          </lines>
        </class>
        <class name="Synesthesia.Web.Pages.Pages_Studio/&lt;ExecuteAsync&gt;d__34" filename="Pages\Studio.cshtml" line-rate="0" branch-rate="0" complexity="38">
          <methods>
            <method name="MoveNext" signature="()" line-rate="0" branch-rate="0" complexity="38">
              <lines>
                <line number="4" hits="0" branch="True" condition-coverage="0% (0/14)">
                  <conditions>
                    <condition number="896" type="jump" coverage="0%" />
                    <condition number="1293" type="jump" coverage="0%" />
                    <condition number="1421" type="jump" coverage="0%" />
                    <condition number="1530" type="jump" coverage="0%" />
                    <condition number="1978" type="jump" coverage="0%" />
                    <condition number="2470" type="jump" coverage="0%" />
                    <condition number="2962" type="jump" coverage="0%" />
                  </conditions>
                </line>
                <line number="450" hits="0" branch="True" condition-coverage="0% (0/4)">
                  <conditions>
                    <condition number="3164" type="jump" coverage="0%" />
                    <condition number="3179" type="jump" coverage="0%" />
                  </conditions>
                </line>
                <line number="451" hits="0" branch="True" condition-coverage="0% (0/2)">
                  <conditions>
                    <condition number="3657" type="jump" coverage="0%" />
                  </conditions>
                </line>
                <line number="464" hits="0" branch="False" />
                <line number="466" hits="0" branch="True" condition-coverage="0% (0/4)">
                  <conditions>
                    <condition number="3878" type="jump" coverage="0%" />
                    <condition number="3896" type="jump" coverage="0%" />
                  </conditions>
                </line>
                <line number="467" hits="0" branch="True" condition-coverage="0% (0/2)">
                  <conditions>
                    <condition number="4347" type="jump" coverage="0%" />
                  </conditions>
                </line>
                <line number="475" hits="0" branch="True" condition-coverage="0% (0/12)">
                  <conditions>
                    <condition number="4876" type="jump" coverage="0%" />
                    <condition number="5370" type="jump" coverage="0%" />
                    <condition number="5864" type="jump" coverage="0%" />
                    <condition number="6358" type="jump" coverage="0%" />
                    <condition number="6852" type="jump" coverage="0%" />
                    <condition number="7346" type="jump" coverage="0%" />
                  </conditions>
                </line>
              </lines>
            </method>
          </methods>
          <lines>
            <line number="4" hits="0" branch="True" condition-coverage="0% (0/14)">
              <conditions>
                <condition number="896" type="jump" coverage="0%" />
                <condition number="1293" type="jump" coverage="0%" />
                <condition number="1421" type="jump" coverage="0%" />
                <condition number="1530" type="jump" coverage="0%" />
                <condition number="1978" type="jump" coverage="0%" />
                <condition number="2470" type="jump" coverage="0%" />
                <condition number="2962" type="jump" coverage="0%" />
              </conditions>
            </line>
            <line number="450" hits="0" branch="True" condition-coverage="0% (0/4)">
              <conditions>
                <condition number="3164" type="jump" coverage="0%" />
                <condition number="3179" type="jump" coverage="0%" />
              </conditions>
            </line>
            <line number="451" hits="0" branch="True" condition-coverage="0% (0/2)">
              <conditions>
                <condition number="3657" type="jump" coverage="0%" />
              </conditions>
            </line>
            <line number="464" hits="0" branch="False" />
            <line number="466" hits="0" branch="True" condition-coverage="0% (0/4)">
              <conditions>
                <condition number="3878" type="jump" coverage="0%" />
                <condition number="3896" type="jump" coverage="0%" />
              </conditions>
            </line>
            <line number="467" hits="0" branch="True" condition-coverage="0% (0/2)">
              <conditions>
                <condition number="4347" type="jump" coverage="0%" />
              </conditions>
            </line>
            <line number="475" hits="0" branch="True" condition-coverage="0% (0/12)">
              <conditions>
                <condition number="4876" type="jump" coverage="0%" />
                <condition number="5370" type="jump" coverage="0%" />
                <condition number="5864" type="jump" coverage="0%" />
                <condition number="6358" type="jump" coverage="0%" />
                <condition number="6852" type="jump" coverage="0%" />
                <condition number="7346" type="jump" coverage="0%" />
              </conditions>
            </line>
          </lines>
        </class>
        <class name="Synesthesia.Web.Pages.Pages__ViewStart/&lt;ExecuteAsync&gt;d__0" filename="Pages\_ViewStart.cshtml" line-rate="0" branch-rate="1" complexity="1">
          <methods>
            <method name="MoveNext" signature="()" line-rate="0" branch-rate="1" complexity="1">
              <lines>
                <line number="2" hits="0" branch="False" />
              </lines>
            </method>
          </methods>
          <lines>
            <line number="2" hits="0" branch="False" />
          </lines>
        </class>
        <class name="Synesthesia.Web.Pages.Shared.Pages_Shared__LoginPartial/&lt;ExecuteAsync&gt;d__16" filename="Pages\Shared\_LoginPartial.cshtml" line-rate="0" branch-rate="0" complexity="12">
          <methods>
            <method name="MoveNext" signature="()" line-rate="0" branch-rate="0" complexity="12">
              <lines>
                <line number="7" hits="0" branch="True" condition-coverage="0% (0/2)">
                  <conditions>
                    <condition number="134" type="jump" coverage="0%" />
                  </conditions>
                </line>
                <line number="8" hits="0" branch="True" condition-coverage="0% (0/6)">
                  <conditions>
                    <condition number="483" type="jump" coverage="0%" />
                    <condition number="976" type="jump" coverage="0%" />
[...]
            <line number="107" hits="0" branch="False" />
            <line number="108" hits="0" branch="False" />
            <line number="109" hits="0" branch="False" />
            <line number="110" hits="0" branch="False" />
            <line number="111" hits="0" branch="False" />
            <line number="112" hits="0" branch="False" />
            <line number="113" hits="0" branch="False" />
            <line number="114" hits="0" branch="False" />
            <line number="115" hits="0" branch="False" />
            <line number="116" hits="0" branch="False" />
            <line number="117" hits="0" branch="False" />
            <line number="118" hits="0" branch="False" />
            <line number="119" hits="0" branch="False" />
            <line number="120" hits="0" branch="False" />
            <line number="121" hits="0" branch="False" />
            <line number="122" hits="0" branch="False" />
            <line number="123" hits="0" branch="False" />
            <line number="124" hits="0" branch="False" />
            <line number="126" hits="0" branch="False" />
            <line number="127" hits="0" branch="False" />
            <line number="128" hits="0" branch="False" />
            <line number="129" hits="0" branch="False" />
            <line number="130" hits="0" branch="False" />
            <line number="131" hits="0" branch="False" />
            <line number="132" hits="0" branch="False" />
            <line number="133" hits="0" branch="False" />
            <line number="134" hits="0" branch="False" />
            <line number="135" hits="0" branch="False" />
            <line number="136" hits="0" branch="False" />
            <line number="137" hits="0" branch="False" />
            <line number="138" hits="0" branch="False" />
            <line number="139" hits="0" branch="False" />
            <line number="141" hits="0" branch="False" />
            <line number="142" hits="0" branch="False" />
            <line number="143" hits="0" branch="False" />
            <line number="144" hits="0" branch="False" />
            <line number="145" hits="0" branch="False" />
            <line number="146" hits="0" branch="False" />
            <line number="147" hits="0" branch="False" />
            <line number="148" hits="0" branch="False" />
            <line number="149" hits="0" branch="False" />
            <line number="150" hits="0" branch="False" />
            <line number="151" hits="0" branch="False" />
            <line number="152" hits="0" branch="False" />
            <line number="153" hits="0" branch="False" />
            <line number="154" hits="0" branch="False" />
            <line number="155" hits="0" branch="False" />
            <line number="156" hits="0" branch="False" />
            <line number="157" hits="0" branch="False" />
            <line number="158" hits="0" branch="False" />
            <line number="159" hits="0" branch="False" />
            <line number="160" hits="0" branch="False" />
            <line number="162" hits="0" branch="False" />
            <line number="163" hits="0" branch="False" />
            <line number="164" hits="0" branch="False" />
            <line number="165" hits="0" branch="False" />
            <line number="166" hits="0" branch="False" />
            <line number="167" hits="0" branch="False" />
            <line number="168" hits="0" branch="False" />
            <line number="169" hits="0" branch="False" />
            <line number="170" hits="0" branch="False" />
            <line number="171" hits="0" branch="False" />
            <line number="172" hits="0" branch="False" />
            <line number="173" hits="0" branch="False" />
            <line number="174" hits="0" branch="False" />
            <line number="175" hits="0" branch="False" />
            <line number="176" hits="0" branch="False" />
            <line number="177" hits="0" branch="False" />
            <line number="178" hits="0" branch="False" />
            <line number="179" hits="0" branch="False" />
            <line number="180" hits="0" branch="False" />
            <line number="181" hits="0" branch="False" />
            <line number="182" hits="0" branch="False" />
            <line number="183" hits="0" branch="False" />
            <line number="184" hits="0" branch="False" />
            <line number="185" hits="0" branch="False" />
            <line number="186" hits="0" branch="False" />
            <line number="187" hits="0" branch="False" />
            <line number="188" hits="0" branch="False" />
            <line number="189" hits="0" branch="False" />
            <line number="190" hits="0" branch="False" />
            <line number="191" hits="0" branch="False" />
            <line number="192" hits="0" branch="False" />
            <line number="193" hits="0" branch="False" />
            <line number="194" hits="0" branch="False" />
            <line number="195" hits="0" branch="False" />
            <line number="196" hits="0" branch="False" />
            <line number="197" hits="0" branch="False" />
            <line number="198" hits="0" branch="False" />
            <line number="199" hits="0" branch="False" />
            <line number="200" hits="0" branch="False" />
            <line number="201" hits="0" branch="False" />
            <line number="202" hits="0" branch="False" />
            <line number="203" hits="0" branch="False" />
            <line number="204" hits="0" branch="False" />
            <line number="205" hits="0" branch="False" />
            <line number="206" hits="0" branch="False" />
            <line number="207" hits="0" branch="False" />
            <line number="208" hits="0" branch="False" />
            <line number="209" hits="0" branch="False" />
            <line number="210" hits="0" branch="False" />
            <line number="211" hits="0" branch="False" />
            <line number="212" hits="0" branch="False" />
            <line number="213" hits="0" branch="False" />
            <line number="214" hits="0" branch="False" />
            <line number="215" hits="0" branch="False" />
            <line number="216" hits="0" branch="False" />
            <line number="217" hits="0" branch="False" />
            <line number="218" hits="0" branch="False" />
            <line number="219" hits="0" branch="False" />
            <line number="220" hits="0" branch="False" />
            <line number="221" hits="0" branch="False" />
            <line number="222" hits="0" branch="False" />
            <line number="223" hits="0" branch="False" />
            <line number="224" hits="0" branch="False" />
            <line number="225" hits="0" branch="False" />
            <line number="226" hits="0" branch="False" />
            <line number="227" hits="0" branch="False" />
            <line number="228" hits="0" branch="False" />
            <line number="229" hits="0" branch="False" />
            <line number="230" hits="0" branch="False" />
            <line number="231" hits="0" branch="False" />
            <line number="233" hits="0" branch="False" />
            <line number="234" hits="0" branch="False" />
            <line number="235" hits="0" branch="False" />
            <line number="236" hits="0" branch="False" />
            <line number="237" hits="0" branch="False" />
            <line number="238" hits="0" branch="False" />
            <line number="239" hits="0" branch="False" />
            <line number="240" hits="0" branch="False" />
            <line number="241" hits="0" branch="False" />
            <line number="242" hits="0" branch="False" />
            <line number="243" hits="0" branch="False" />
            <line number="244" hits="0" branch="False" />
            <line number="245" hits="0" branch="False" />
            <line number="246" hits="0" branch="False" />
            <line number="247" hits="0" branch="False" />
            <line number="248" hits="0" branch="False" />
            <line number="249" hits="0" branch="False" />
            <line number="250" hits="0" branch="False" />
            <line number="251" hits="0" branch="False" />
            <line number="252" hits="0" branch="False" />
            <line number="253" hits="0" branch="False" />
            <line number="254" hits="0" branch="False" />
            <line number="255" hits="0" branch="False" />
            <line number="256" hits="0" branch="False" />
            <line number="257" hits="0" branch="False" />
            <line number="258" hits="0" branch="False" />
            <line number="259" hits="0" branch="False" />
            <line number="260" hits="0" branch="False" />
            <line number="261" hits="0" branch="False" />
            <line number="262" hits="0" branch="False" />
            <line number="263" hits="0" branch="False" />
            <line number="264" hits="0" branch="False" />
            <line number="265" hits="0" branch="False" />
            <line number="266" hits="0" branch="False" />
            <line number="268" hits="0" branch="False" />
            <line number="269" hits="0" branch="False" />
            <line number="270" hits="0" branch="False" />
            <line number="271" hits="0" branch="False" />
            <line number="272" hits="0" branch="False" />
            <line number="273" hits="0" branch="False" />
            <line number="274" hits="0" branch="False" />
            <line number="275" hits="0" branch="False" />
            <line number="276" hits="0" branch="False" />
            <line number="277" hits="0" branch="False" />
            <line number="278" hits="0" branch="False" />
            <line number="279" hits="0" branch="False" />
            <line number="280" hits="0" branch="False" />
            <line number="281" hits="0" branch="False" />
            <line number="282" hits="0" branch="False" />
            <line number="283" hits="0" branch="False" />
            <line number="284" hits="0" branch="False" />
            <line number="285" hits="0" branch="False" />
            <line number="286" hits="0" branch="False" />
            <line number="287" hits="0" branch="False" />
            <line number="288" hits="0" branch="False" />
            <line number="289" hits="0" branch="False" />
            <line number="290" hits="0" branch="False" />
            <line number="291" hits="0" branch="False" />
            <line number="292" hits="0" branch="False" />
            <line number="293" hits="0" branch="False" />
            <line number="294" hits="0" branch="False" />
            <line number="295" hits="0" branch="False" />
            <line number="296" hits="0" branch="False" />
            <line number="297" hits="0" branch="False" />
            <line number="298" hits="0" branch="False" />
            <line number="299" hits="0" branch="False" />
            <line number="300" hits="0" branch="False" />
            <line number="301" hits="0" branch="False" />
            <line number="302" hits="0" branch="False" />
            <line number="303" hits="0" branch="False" />
            <line number="304" hits="0" branch="False" />
            <line number="305" hits="0" branch="False" />
            <line number="306" hits="0" branch="False" />
            <line number="308" hits="0" branch="False" />
            <line number="309" hits="0" branch="False" />
            <line number="310" hits="0" branch="False" />
            <line number="311" hits="0" branch="False" />
            <line number="312" hits="0" branch="False" />
            <line number="313" hits="0" branch="False" />
            <line number="314" hits="0" branch="False" />
            <line number="315" hits="0" branch="False" />
            <line number="316" hits="0" branch="False" />
            <line number="317" hits="0" branch="False" />
            <line number="318" hits="0" branch="False" />
            <line number="319" hits="0" branch="False" />
            <line number="320" hits="0" branch="False" />
            <line number="321" hits="0" branch="False" />
            <line number="322" hits="0" branch="False" />
            <line number="323" hits="0" branch="False" />
            <line number="324" hits="0" branch="False" />
            <line number="325" hits="0" branch="False" />
            <line number="326" hits="0" branch="False" />
            <line number="327" hits="0" branch="False" />
            <line number="328" hits="0" branch="False" />
            <line number="329" hits="0" branch="False" />
            <line number="330" hits="0" branch="False" />
            <line number="331" hits="0" branch="False" />
            <line number="332" hits="0" branch="False" />
            <line number="333" hits="0" branch="False" />
            <line number="334" hits="0" branch="False" />
            <line number="335" hits="0" branch="False" />
            <line number="336" hits="0" branch="False" />
            <line number="337" hits="0" branch="False" />
            <line number="338" hits="0" branch="False" />
            <line number="339" hits="0" branch="False" />
            <line number="340" hits="0" branch="False" />
            <line number="341" hits="0" branch="False" />
            <line number="342" hits="0" branch="False" />
            <line number="344" hits="0" branch="False" />
            <line number="345" hits="0" branch="False" />
            <line number="346" hits="0" branch="False" />
            <line number="347" hits="0" branch="False" />
            <line number="348" hits="0" branch="False" />
            <line number="349" hits="0" branch="False" />
            <line number="350" hits="0" branch="False" />
            <line number="351" hits="0" branch="False" />
            <line number="353" hits="0" branch="False" />
            <line number="354" hits="0" branch="False" />
            <line number="355" hits="0" branch="False" />
            <line number="356" hits="0" branch="False" />
            <line number="357" hits="0" branch="False" />
            <line number="358" hits="0" branch="False" />
            <line number="359" hits="0" branch="False" />
            <line number="360" hits="0" branch="False" />
            <line number="362" hits="0" branch="False" />
            <line number="363" hits="0" branch="False" />
            <line number="364" hits="0" branch="False" />
            <line number="365" hits="0" branch="False" />
            <line number="366" hits="0" branch="False" />
            <line number="367" hits="0" branch="False" />
            <line number="368" hits="0" branch="False" />
            <line number="369" hits="0" branch="False" />
            <line number="371" hits="0" branch="False" />
            <line number="372" hits="0" branch="False" />
            <line number="373" hits="0" branch="False" />
            <line number="374" hits="0" branch="False" />
            <line number="375" hits="0" branch="False" />
            <line number="376" hits="0" branch="False" />
            <line number="377" hits="0" branch="False" />
            <line number="378" hits="0" branch="False" />
            <line number="379" hits="0" branch="False" />
            <line number="380" hits="0" branch="False" />
            <line number="381" hits="0" branch="False" />
            <line number="382" hits="0" branch="False" />
            <line number="383" hits="0" branch="False" />
            <line number="384" hits="0" branch="False" />
            <line number="386" hits="0" branch="False" />
            <line number="387" hits="0" branch="False" />
            <line number="388" hits="0" branch="False" />
            <line number="389" hits="0" branch="False" />
            <line number="390" hits="0" branch="False" />
            <line number="391" hits="0" branch="False" />
            <line number="392" hits="0" branch="False" />
            <line number="393" hits="0" branch="False" />
            <line number="395" hits="0" branch="False" />
            <line number="396" hits="0" branch="False" />
            <line number="397" hits="0" branch="False" />
            <line number="398" hits="0" branch="False" />
            <line number="399" hits="0" branch="False" />
            <line number="400" hits="0" branch="False" />
            <line number="401" hits="0" branch="False" />
            <line number="402" hits="0" branch="False" />
            <line number="403" hits="0" branch="False" />
            <line number="404" hits="0" branch="False" />
            <line number="406" hits="0" branch="False" />
            <line number="407" hits="0" branch="False" />
            <line number="408" hits="0" branch="False" />
            <line number="409" hits="0" branch="False" />
            <line number="410" hits="0" branch="False" />
            <line number="411" hits="0" branch="False" />
            <line number="412" hits="0" branch="False" />
            <line number="413" hits="0" branch="False" />
            <line number="414" hits="0" branch="False" />
            <line number="415" hits="0" branch="False" />
            <line number="416" hits="0" branch="False" />
            <line number="417" hits="0" branch="False" />
            <line number="418" hits="0" branch="False" />
            <line number="419" hits="0" branch="False" />
            <line number="420" hits="0" branch="False" />
            <line number="421" hits="0" branch="False" />
            <line number="422" hits="0" branch="False" />
            <line number="423" hits="0" branch="False" />
            <line number="425" hits="0" branch="False" />
            <line number="426" hits="0" branch="False" />
            <line number="427" hits="0" branch="False" />
            <line number="428" hits="0" branch="False" />
            <line number="429" hits="0" branch="False" />
            <line number="430" hits="0" branch="False" />
            <line number="431" hits="0" branch="False" />
            <line number="432" hits="0" branch="False" />
            <line number="433" hits="0" branch="False" />
            <line number="434" hits="0" branch="False" />
            <line number="435" hits="0" branch="False" />
            <line number="436" hits="0" branch="False" />
            <line number="437" hits="0" branch="False" />
            <line number="438" hits="0" branch="False" />
            <line number="439" hits="0" branch="False" />
            <line number="440" hits="0" branch="False" />
            <line number="441" hits="0" branch="False" />
            <line number="442" hits="0" branch="False" />
            <line number="444" hits="0" branch="False" />
            <line number="445" hits="0" branch="False" />
            <line number="446" hits="0" branch="False" />
            <line number="447" hits="0" branch="False" />
            <line number="448" hits="0" branch="False" />
            <line number="449" hits="0" branch="False" />
            <line number="450" hits="0" branch="False" />
            <line number="451" hits="0" branch="False" />
            <line number="453" hits="0" branch="False" />
            <line number="454" hits="0" branch="False" />
            <line number="455" hits="0" branch="False" />
            <line number="456" hits="0" branch="False" />
            <line number="457" hits="0" branch="False" />
            <line number="458" hits="0" branch="False" />
            <line number="460" hits="0" branch="False" />
          </lines>
        </class>
      </classes>
    </package>
  </packages>
</coverage>